Traceback (most recent call last):
  File "/srv/conda/envs/notebook/lib/python3.10/site-packages/jupyter_cache/executors/utils.py", line 58, in single_nb_execution
    executenb(
  File "/srv/conda/envs/notebook/lib/python3.10/site-packages/nbclient/client.py", line 1093, in execute
    return NotebookClient(nb=nb, resources=resources, km=km, **kwargs).execute()
  File "/srv/conda/envs/notebook/lib/python3.10/site-packages/nbclient/util.py", line 84, in wrapped
    return just_run(coro(*args, **kwargs))
  File "/srv/conda/envs/notebook/lib/python3.10/site-packages/nbclient/util.py", line 62, in just_run
    return loop.run_until_complete(coro)
  File "/srv/conda/envs/notebook/lib/python3.10/asyncio/base_events.py", line 649, in run_until_complete
    return future.result()
  File "/srv/conda/envs/notebook/lib/python3.10/site-packages/nbclient/client.py", line 559, in async_execute
    await self.async_execute_cell(
  File "/srv/conda/envs/notebook/lib/python3.10/site-packages/nbclient/client.py", line 854, in async_execute_cell
    self._check_raise_for_error(cell, exec_reply)
  File "/srv/conda/envs/notebook/lib/python3.10/site-packages/nbclient/client.py", line 756, in _check_raise_for_error
    raise CellExecutionError.from_cell_and_msg(cell, exec_reply_content)
nbclient.exceptions.CellExecutionError: An error occurred while executing the following cell:
------------------
# time vector around event
times = time-tevent
# zoom in on [-0.2,0.05] seconds around event
irange = np.nonzero((times >= -0.2) & (times < 0.05))
# construct a data structure for a csv file:
dat = [times[irange], strain_H1_whitenbp[irange],strain_L1_whitenbp[irange],
      template_H1[irange],template_L1[irange] ]
datcsv = np.array(dat).transpose()
# make a csv filename, header, and format
fncsv = 'data/'+eventname+'_data.csv'
headcsv = eventname+' time-'+str(tevent)+ \
    ' (s),H1_data_whitened,L1_data_whitened,H1_template_whitened,L1_template_whitened'
fmtcsv = ",".join(["%10.6f"] * 5)
np.savetxt(fncsv, datcsv, fmt=fmtcsv, header=headcsv)

print("Wrote whitened data to file {0}".format(fncsv))
print("You can download this file by clicking 'jupyter' in the top left corner, or using the 'data' menu in Azure.")
------------------

[0;31m---------------------------------------------------------------------------[0m
[0;31mNameError[0m                                 Traceback (most recent call last)
Cell [0;32mIn[24], line 7[0m
[1;32m      4[0m irange [38;5;241m=[39m np[38;5;241m.[39mnonzero((times [38;5;241m>[39m[38;5;241m=[39m [38;5;241m-[39m[38;5;241m0.2[39m) [38;5;241m&[39m (times [38;5;241m<[39m [38;5;241m0.05[39m))
[1;32m      5[0m [38;5;66;03m# construct a data structure for a csv file:[39;00m
[1;32m      6[0m dat [38;5;241m=[39m [times[irange], strain_H1_whitenbp[irange],strain_L1_whitenbp[irange],
[0;32m----> 7[0m       [43mtemplate_H1[49m[irange],template_L1[irange] ]
[1;32m      8[0m datcsv [38;5;241m=[39m np[38;5;241m.[39marray(dat)[38;5;241m.[39mtranspose()
[1;32m      9[0m [38;5;66;03m# make a csv filename, header, and format[39;00m

[0;31mNameError[0m: name 'template_H1' is not defined
NameError: name 'template_H1' is not defined

